<?xml version="1.0" encoding="UTF-8"?>
<coverage generated="1687786247147" clover="3.2.0">
  <project timestamp="1687786247147" name="All files">
    <metrics statements="77" coveredstatements="77" conditionals="13" coveredconditionals="13" methods="4" coveredmethods="4" elements="94" coveredelements="94" complexity="0" loc="77" ncloc="77" packages="1" files="4" classes="4"/>
    <file name="fibonacciUpToN.js" path="C:\Personal\exercises\fibonacciUpToN.js">
      <metrics statements="46" coveredstatements="46" conditionals="7" coveredconditionals="7" methods="1" coveredmethods="1"/>
      <line num="1" count="1" type="cond" truecount="1" falsecount="0"/>
      <line num="2" count="168" type="cond" truecount="1" falsecount="0"/>
      <line num="3" count="2" type="stmt"/>
      <line num="4" count="2" type="cond" truecount="1" falsecount="0"/>
      <line num="5" count="166" type="stmt"/>
      <line num="6" count="168" type="cond" truecount="1" falsecount="0"/>
      <line num="7" count="34" type="stmt"/>
      <line num="8" count="34" type="cond" truecount="1" falsecount="0"/>
      <line num="9" count="132" type="stmt"/>
      <line num="10" count="168" type="cond" truecount="1" falsecount="0"/>
      <line num="11" count="53" type="stmt"/>
      <line num="12" count="53" type="cond" truecount="1" falsecount="0"/>
      <line num="13" count="79" type="stmt"/>
      <line num="14" count="79" type="stmt"/>
      <line num="15" count="79" type="stmt"/>
      <line num="16" count="79" type="stmt"/>
      <line num="17" count="79" type="stmt"/>
      <line num="18" count="79" type="stmt"/>
      <line num="19" count="79" type="stmt"/>
      <line num="20" count="79" type="stmt"/>
      <line num="21" count="1" type="stmt"/>
      <line num="22" count="1" type="stmt"/>
      <line num="23" count="1" type="stmt"/>
      <line num="24" count="1" type="stmt"/>
      <line num="25" count="1" type="stmt"/>
      <line num="26" count="1" type="stmt"/>
      <line num="27" count="1" type="stmt"/>
      <line num="28" count="1" type="stmt"/>
      <line num="29" count="1" type="stmt"/>
      <line num="30" count="1" type="stmt"/>
      <line num="31" count="1" type="stmt"/>
      <line num="32" count="1" type="stmt"/>
      <line num="33" count="1" type="stmt"/>
      <line num="34" count="1" type="stmt"/>
      <line num="35" count="1" type="stmt"/>
      <line num="36" count="1" type="stmt"/>
      <line num="37" count="1" type="stmt"/>
      <line num="38" count="1" type="stmt"/>
      <line num="39" count="1" type="stmt"/>
      <line num="40" count="1" type="stmt"/>
      <line num="41" count="1" type="stmt"/>
      <line num="42" count="1" type="stmt"/>
      <line num="43" count="1" type="stmt"/>
      <line num="44" count="1" type="stmt"/>
      <line num="45" count="1" type="stmt"/>
      <line num="46" count="1" type="stmt"/>
    </file>
    <file name="reverseAString.js" path="C:\Personal\exercises\reverseAString.js">
      <metrics statements="11" coveredstatements="11" conditionals="2" coveredconditionals="2" methods="1" coveredmethods="1"/>
      <line num="1" count="1" type="stmt"/>
      <line num="2" count="1" type="stmt"/>
      <line num="3" count="1" type="cond" truecount="1" falsecount="0"/>
      <line num="4" count="9" type="stmt"/>
      <line num="5" count="9" type="stmt"/>
      <line num="6" count="9" type="cond" truecount="1" falsecount="0"/>
      <line num="7" count="12" type="stmt"/>
      <line num="8" count="9" type="stmt"/>
      <line num="9" count="9" type="stmt"/>
      <line num="10" count="1" type="stmt"/>
      <line num="11" count="1" type="stmt"/>
    </file>
    <file name="reverseStringWithRecursion.js" path="C:\Personal\exercises\reverseStringWithRecursion.js">
      <metrics statements="11" coveredstatements="11" conditionals="3" coveredconditionals="3" methods="1" coveredmethods="1"/>
      <line num="1" count="1" type="cond" truecount="1" falsecount="0"/>
      <line num="2" count="5722" type="cond" truecount="1" falsecount="0"/>
      <line num="3" count="3" type="stmt"/>
      <line num="4" count="3" type="cond" truecount="1" falsecount="0"/>
      <line num="5" count="5717" type="stmt"/>
      <line num="6" count="5717" type="stmt"/>
      <line num="7" count="5717" type="stmt"/>
      <line num="8" count="5717" type="stmt"/>
      <line num="9" count="5717" type="stmt"/>
      <line num="10" count="1" type="stmt"/>
      <line num="11" count="1" type="stmt"/>
    </file>
    <file name="substringInAString.js" path="C:\Personal\exercises\substringInAString.js">
      <metrics statements="9" coveredstatements="9" conditionals="1" coveredconditionals="1" methods="1" coveredmethods="1"/>
      <line num="1" count="1" type="stmt"/>
      <line num="2" count="1" type="stmt"/>
      <line num="3" count="1" type="cond" truecount="1" falsecount="0"/>
      <line num="4" count="9" type="stmt"/>
      <line num="5" count="9" type="stmt"/>
      <line num="6" count="1" type="stmt"/>
      <line num="7" count="1" type="stmt"/>
      <line num="8" count="1" type="stmt"/>
      <line num="9" count="1" type="stmt"/>
    </file>
  </project>
</coverage>
