{"C:\\Personal\\exercises\\anagrams.js": {"path":"C:\\Personal\\exercises\\anagrams.js","all":false,"statementMap":{"0":{"start":{"line":1,"column":0},"end":{"line":1,"column":56}},"1":{"start":{"line":2,"column":0},"end":{"line":2,"column":0}},"2":{"start":{"line":3,"column":0},"end":{"line":3,"column":39}},"3":{"start":{"line":4,"column":0},"end":{"line":4,"column":89}},"4":{"start":{"line":5,"column":0},"end":{"line":5,"column":52}},"5":{"start":{"line":6,"column":0},"end":{"line":6,"column":5}},"6":{"start":{"line":7,"column":0},"end":{"line":7,"column":0}},"7":{"start":{"line":8,"column":0},"end":{"line":8,"column":54}},"8":{"start":{"line":9,"column":0},"end":{"line":9,"column":81}},"9":{"start":{"line":10,"column":0},"end":{"line":10,"column":5}},"10":{"start":{"line":11,"column":0},"end":{"line":11,"column":0}},"11":{"start":{"line":12,"column":0},"end":{"line":12,"column":62}},"12":{"start":{"line":13,"column":0},"end":{"line":13,"column":63}},"13":{"start":{"line":14,"column":0},"end":{"line":14,"column":0}},"14":{"start":{"line":15,"column":0},"end":{"line":15,"column":47}},"15":{"start":{"line":16,"column":0},"end":{"line":16,"column":1}},"16":{"start":{"line":17,"column":0},"end":{"line":17,"column":0}},"17":{"start":{"line":18,"column":0},"end":{"line":18,"column":34}}},"s":{"0":1,"1":1,"2":1,"3":17,"4":1,"5":1,"6":13,"7":13,"8":26,"9":26,"10":13,"11":13,"12":13,"13":13,"14":13,"15":13,"16":1,"17":1},"branchMap":{"0":{"type":"branch","line":3,"loc":{"start":{"line":3,"column":22},"end":{"line":16,"column":1}},"locations":[{"start":{"line":3,"column":22},"end":{"line":16,"column":1}}]},"1":{"type":"branch","line":4,"loc":{"start":{"line":4,"column":45},"end":{"line":4,"column":86}},"locations":[{"start":{"line":4,"column":45},"end":{"line":4,"column":86}}]},"2":{"type":"branch","line":4,"loc":{"start":{"line":4,"column":88},"end":{"line":6,"column":5}},"locations":[{"start":{"line":4,"column":88},"end":{"line":6,"column":5}}]},"3":{"type":"branch","line":6,"loc":{"start":{"line":6,"column":4},"end":{"line":16,"column":1}},"locations":[{"start":{"line":6,"column":4},"end":{"line":16,"column":1}}]},"4":{"type":"branch","line":8,"loc":{"start":{"line":8,"column":42},"end":{"line":10,"column":5}},"locations":[{"start":{"line":8,"column":42},"end":{"line":10,"column":5}}]}},"b":{"0":[17],"1":[13],"2":[1],"3":[13],"4":[26]},"fnMap":{"0":{"name":"checkAnagrams","decl":{"start":{"line":3,"column":22},"end":{"line":16,"column":1}},"loc":{"start":{"line":3,"column":22},"end":{"line":16,"column":1}},"line":3},"1":{"name":"convertStringToSortedSymbols","decl":{"start":{"line":8,"column":42},"end":{"line":10,"column":5}},"loc":{"start":{"line":8,"column":42},"end":{"line":10,"column":5}},"line":8}},"f":{"0":17,"1":26}}
,"C:\\Personal\\exercises\\checkCorrectness.js": {"path":"C:\\Personal\\exercises\\checkCorrectness.js","all":false,"statementMap":{"0":{"start":{"line":1,"column":0},"end":{"line":1,"column":51}},"1":{"start":{"line":2,"column":0},"end":{"line":2,"column":77}},"2":{"start":{"line":3,"column":0},"end":{"line":3,"column":1}},"3":{"start":{"line":4,"column":0},"end":{"line":4,"column":0}},"4":{"start":{"line":5,"column":0},"end":{"line":5,"column":37}}},"s":{"0":1,"1":3,"2":3,"3":1,"4":1},"branchMap":{"0":{"type":"branch","line":1,"loc":{"start":{"line":1,"column":25},"end":{"line":3,"column":1}},"locations":[{"start":{"line":1,"column":25},"end":{"line":3,"column":1}}]},"1":{"type":"branch","line":2,"loc":{"start":{"line":2,"column":41},"end":{"line":2,"column":77}},"locations":[{"start":{"line":2,"column":41},"end":{"line":2,"column":77}}]}},"b":{"0":[3],"1":[1]},"fnMap":{"0":{"name":"checkCorrectness","decl":{"start":{"line":1,"column":25},"end":{"line":3,"column":1}},"loc":{"start":{"line":1,"column":25},"end":{"line":3,"column":1}},"line":1}},"f":{"0":3}}
,"C:\\Personal\\exercises\\fibonacciUpToN.js": {"path":"C:\\Personal\\exercises\\fibonacciUpToN.js","all":false,"statementMap":{"0":{"start":{"line":1,"column":0},"end":{"line":1,"column":26}},"1":{"start":{"line":2,"column":0},"end":{"line":2,"column":16}},"2":{"start":{"line":3,"column":0},"end":{"line":3,"column":50}},"3":{"start":{"line":4,"column":0},"end":{"line":4,"column":5}},"4":{"start":{"line":5,"column":0},"end":{"line":5,"column":0}},"5":{"start":{"line":6,"column":0},"end":{"line":6,"column":18}},"6":{"start":{"line":7,"column":0},"end":{"line":7,"column":18}},"7":{"start":{"line":8,"column":0},"end":{"line":8,"column":5}},"8":{"start":{"line":9,"column":0},"end":{"line":9,"column":0}},"9":{"start":{"line":10,"column":0},"end":{"line":10,"column":18}},"10":{"start":{"line":11,"column":0},"end":{"line":11,"column":21}},"11":{"start":{"line":12,"column":0},"end":{"line":12,"column":5}},"12":{"start":{"line":13,"column":0},"end":{"line":13,"column":0}},"13":{"start":{"line":14,"column":0},"end":{"line":14,"column":41}},"14":{"start":{"line":15,"column":0},"end":{"line":15,"column":41}},"15":{"start":{"line":16,"column":0},"end":{"line":16,"column":0}},"16":{"start":{"line":17,"column":0},"end":{"line":17,"column":103}},"17":{"start":{"line":18,"column":0},"end":{"line":18,"column":0}},"18":{"start":{"line":19,"column":0},"end":{"line":19,"column":50}},"19":{"start":{"line":20,"column":0},"end":{"line":20,"column":1}},"20":{"start":{"line":21,"column":0},"end":{"line":21,"column":0}},"21":{"start":{"line":22,"column":0},"end":{"line":22,"column":25}},"22":{"start":{"line":23,"column":0},"end":{"line":23,"column":0}},"23":{"start":{"line":24,"column":0},"end":{"line":24,"column":30}},"24":{"start":{"line":25,"column":0},"end":{"line":25,"column":0}},"25":{"start":{"line":26,"column":0},"end":{"line":26,"column":36}},"26":{"start":{"line":27,"column":0},"end":{"line":27,"column":17}},"27":{"start":{"line":28,"column":0},"end":{"line":28,"column":50}},"28":{"start":{"line":29,"column":0},"end":{"line":29,"column":6}},"29":{"start":{"line":30,"column":0},"end":{"line":30,"column":0}},"30":{"start":{"line":31,"column":0},"end":{"line":31,"column":19}},"31":{"start":{"line":32,"column":0},"end":{"line":32,"column":18}},"32":{"start":{"line":33,"column":0},"end":{"line":33,"column":6}},"33":{"start":{"line":34,"column":0},"end":{"line":34,"column":0}},"34":{"start":{"line":35,"column":0},"end":{"line":35,"column":19}},"35":{"start":{"line":36,"column":0},"end":{"line":36,"column":21}},"36":{"start":{"line":37,"column":0},"end":{"line":37,"column":6}},"37":{"start":{"line":38,"column":0},"end":{"line":38,"column":0}},"38":{"start":{"line":39,"column":0},"end":{"line":39,"column":24}},"39":{"start":{"line":40,"column":0},"end":{"line":40,"column":0}},"40":{"start":{"line":41,"column":0},"end":{"line":41,"column":34}},"41":{"start":{"line":42,"column":0},"end":{"line":42,"column":41}},"42":{"start":{"line":43,"column":0},"end":{"line":43,"column":6}},"43":{"start":{"line":44,"column":0},"end":{"line":44,"column":0}},"44":{"start":{"line":45,"column":0},"end":{"line":45,"column":16}},"45":{"start":{"line":46,"column":0},"end":{"line":46,"column":5}}},"s":{"0":1,"1":168,"2":2,"3":2,"4":166,"5":168,"6":34,"7":34,"8":132,"9":168,"10":53,"11":53,"12":79,"13":79,"14":79,"15":79,"16":79,"17":79,"18":79,"19":79,"20":1,"21":1,"22":1,"23":1,"24":1,"25":1,"26":1,"27":1,"28":1,"29":1,"30":1,"31":1,"32":1,"33":1,"34":1,"35":1,"36":1,"37":1,"38":1,"39":1,"40":1,"41":1,"42":1,"43":1,"44":1,"45":1},"branchMap":{"0":{"type":"branch","line":1,"loc":{"start":{"line":1,"column":19},"end":{"line":20,"column":1}},"locations":[{"start":{"line":1,"column":19},"end":{"line":20,"column":1}}]},"1":{"type":"branch","line":2,"loc":{"start":{"line":2,"column":15},"end":{"line":4,"column":5}},"locations":[{"start":{"line":2,"column":15},"end":{"line":4,"column":5}}]},"2":{"type":"branch","line":4,"loc":{"start":{"line":4,"column":4},"end":{"line":6,"column":17}},"locations":[{"start":{"line":4,"column":4},"end":{"line":6,"column":17}}]},"3":{"type":"branch","line":6,"loc":{"start":{"line":6,"column":17},"end":{"line":8,"column":5}},"locations":[{"start":{"line":6,"column":17},"end":{"line":8,"column":5}}]},"4":{"type":"branch","line":8,"loc":{"start":{"line":8,"column":4},"end":{"line":10,"column":17}},"locations":[{"start":{"line":8,"column":4},"end":{"line":10,"column":17}}]},"5":{"type":"branch","line":10,"loc":{"start":{"line":10,"column":17},"end":{"line":12,"column":5}},"locations":[{"start":{"line":10,"column":17},"end":{"line":12,"column":5}}]},"6":{"type":"branch","line":12,"loc":{"start":{"line":12,"column":4},"end":{"line":20,"column":1}},"locations":[{"start":{"line":12,"column":4},"end":{"line":20,"column":1}}]}},"b":{"0":[168],"1":[2],"2":[166],"3":[34],"4":[132],"5":[53],"6":[79]},"fnMap":{"0":{"name":"printFibo","decl":{"start":{"line":1,"column":19},"end":{"line":20,"column":1}},"loc":{"start":{"line":1,"column":19},"end":{"line":20,"column":1}},"line":1}},"f":{"0":168}}
,"C:\\Personal\\exercises\\isPalindrome.js": {"path":"C:\\Personal\\exercises\\isPalindrome.js","all":false,"statementMap":{"0":{"start":{"line":1,"column":0},"end":{"line":1,"column":64}},"1":{"start":{"line":2,"column":0},"end":{"line":2,"column":0}},"2":{"start":{"line":3,"column":0},"end":{"line":3,"column":34}},"3":{"start":{"line":4,"column":0},"end":{"line":4,"column":28}},"4":{"start":{"line":5,"column":0},"end":{"line":5,"column":50}},"5":{"start":{"line":6,"column":0},"end":{"line":6,"column":5}},"6":{"start":{"line":7,"column":0},"end":{"line":7,"column":0}},"7":{"start":{"line":8,"column":0},"end":{"line":8,"column":48}},"8":{"start":{"line":9,"column":0},"end":{"line":9,"column":0}},"9":{"start":{"line":10,"column":0},"end":{"line":10,"column":85}},"10":{"start":{"line":11,"column":0},"end":{"line":11,"column":0}},"11":{"start":{"line":12,"column":0},"end":{"line":12,"column":38}},"12":{"start":{"line":13,"column":0},"end":{"line":13,"column":18}},"13":{"start":{"line":14,"column":0},"end":{"line":14,"column":60}},"14":{"start":{"line":15,"column":0},"end":{"line":15,"column":17}},"15":{"start":{"line":16,"column":0},"end":{"line":16,"column":0}},"16":{"start":{"line":17,"column":0},"end":{"line":17,"column":41}},"17":{"start":{"line":18,"column":0},"end":{"line":18,"column":1}},"18":{"start":{"line":19,"column":0},"end":{"line":19,"column":0}},"19":{"start":{"line":20,"column":0},"end":{"line":20,"column":33}}},"s":{"0":1,"1":1,"2":1,"3":12,"4":2,"5":2,"6":8,"7":8,"8":8,"9":8,"10":8,"11":8,"12":8,"13":8,"14":8,"15":8,"16":8,"17":8,"18":1,"19":1},"branchMap":{"0":{"type":"branch","line":3,"loc":{"start":{"line":3,"column":22},"end":{"line":18,"column":1}},"locations":[{"start":{"line":3,"column":22},"end":{"line":18,"column":1}}]},"1":{"type":"branch","line":4,"loc":{"start":{"line":4,"column":27},"end":{"line":6,"column":5}},"locations":[{"start":{"line":4,"column":27},"end":{"line":6,"column":5}}]},"2":{"type":"branch","line":6,"loc":{"start":{"line":6,"column":4},"end":{"line":18,"column":1}},"locations":[{"start":{"line":6,"column":4},"end":{"line":18,"column":1}}]},"3":{"type":"branch","line":14,"loc":{"start":{"line":14,"column":16},"end":{"line":14,"column":55}},"locations":[{"start":{"line":14,"column":16},"end":{"line":14,"column":55}}]}},"b":{"0":[12],"1":[2],"2":[8],"3":[27]},"fnMap":{"0":{"name":"isPalindrome","decl":{"start":{"line":3,"column":22},"end":{"line":18,"column":1}},"loc":{"start":{"line":3,"column":22},"end":{"line":18,"column":1}},"line":3}},"f":{"0":12}}
,"C:\\Personal\\exercises\\occurencesOfChar.js": {"path":"C:\\Personal\\exercises\\occurencesOfChar.js","all":false,"statementMap":{"0":{"start":{"line":1,"column":0},"end":{"line":1,"column":87}},"1":{"start":{"line":2,"column":0},"end":{"line":2,"column":0}},"2":{"start":{"line":3,"column":0},"end":{"line":3,"column":55}},"3":{"start":{"line":4,"column":0},"end":{"line":4,"column":8}},"4":{"start":{"line":5,"column":0},"end":{"line":5,"column":37}},"5":{"start":{"line":6,"column":0},"end":{"line":6,"column":40}},"6":{"start":{"line":7,"column":0},"end":{"line":7,"column":34}},"7":{"start":{"line":8,"column":0},"end":{"line":8,"column":40}},"8":{"start":{"line":9,"column":0},"end":{"line":9,"column":7}},"9":{"start":{"line":10,"column":0},"end":{"line":10,"column":57}},"10":{"start":{"line":11,"column":0},"end":{"line":11,"column":5}},"11":{"start":{"line":12,"column":0},"end":{"line":12,"column":0}},"12":{"start":{"line":13,"column":0},"end":{"line":13,"column":25}},"13":{"start":{"line":14,"column":0},"end":{"line":14,"column":0}},"14":{"start":{"line":15,"column":0},"end":{"line":15,"column":45}},"15":{"start":{"line":16,"column":0},"end":{"line":16,"column":50}},"16":{"start":{"line":17,"column":0},"end":{"line":17,"column":37}},"17":{"start":{"line":18,"column":0},"end":{"line":18,"column":20}},"18":{"start":{"line":19,"column":0},"end":{"line":19,"column":9}},"19":{"start":{"line":20,"column":0},"end":{"line":20,"column":0}},"20":{"start":{"line":21,"column":0},"end":{"line":21,"column":34}},"21":{"start":{"line":22,"column":0},"end":{"line":22,"column":5}},"22":{"start":{"line":23,"column":0},"end":{"line":23,"column":0}},"23":{"start":{"line":24,"column":0},"end":{"line":24,"column":46}},"24":{"start":{"line":25,"column":0},"end":{"line":25,"column":69}},"25":{"start":{"line":26,"column":0},"end":{"line":26,"column":5}},"26":{"start":{"line":27,"column":0},"end":{"line":27,"column":0}},"27":{"start":{"line":28,"column":0},"end":{"line":28,"column":88}},"28":{"start":{"line":29,"column":0},"end":{"line":29,"column":1}},"29":{"start":{"line":30,"column":0},"end":{"line":30,"column":0}},"30":{"start":{"line":31,"column":0},"end":{"line":31,"column":43}}},"s":{"0":1,"1":1,"2":1,"3":13,"4":13,"5":13,"6":13,"7":7,"8":13,"9":7,"10":7,"11":6,"12":6,"13":6,"14":13,"15":26,"16":21,"17":21,"18":21,"19":5,"20":5,"21":5,"22":6,"23":13,"24":1,"25":1,"26":5,"27":5,"28":5,"29":1,"30":1},"branchMap":{"0":{"type":"branch","line":3,"loc":{"start":{"line":3,"column":31},"end":{"line":29,"column":1}},"locations":[{"start":{"line":3,"column":31},"end":{"line":29,"column":1}}]},"1":{"type":"branch","line":5,"loc":{"start":{"line":5,"column":34},"end":{"line":6,"column":37}},"locations":[{"start":{"line":5,"column":34},"end":{"line":6,"column":37}}]},"2":{"type":"branch","line":6,"loc":{"start":{"line":6,"column":37},"end":{"line":7,"column":31}},"locations":[{"start":{"line":6,"column":37},"end":{"line":7,"column":31}}]},"3":{"type":"branch","line":7,"loc":{"start":{"line":7,"column":31},"end":{"line":8,"column":40}},"locations":[{"start":{"line":7,"column":31},"end":{"line":8,"column":40}}]},"4":{"type":"branch","line":9,"loc":{"start":{"line":9,"column":6},"end":{"line":11,"column":5}},"locations":[{"start":{"line":9,"column":6},"end":{"line":11,"column":5}}]},"5":{"type":"branch","line":11,"loc":{"start":{"line":11,"column":4},"end":{"line":15,"column":44}},"locations":[{"start":{"line":11,"column":4},"end":{"line":15,"column":44}}]},"6":{"type":"branch","line":15,"loc":{"start":{"line":15,"column":44},"end":{"line":22,"column":5}},"locations":[{"start":{"line":15,"column":44},"end":{"line":22,"column":5}}]},"7":{"type":"branch","line":16,"loc":{"start":{"line":16,"column":49},"end":{"line":19,"column":9}},"locations":[{"start":{"line":16,"column":49},"end":{"line":19,"column":9}}]},"8":{"type":"branch","line":19,"loc":{"start":{"line":19,"column":8},"end":{"line":22,"column":5}},"locations":[{"start":{"line":19,"column":8},"end":{"line":22,"column":5}}]},"9":{"type":"branch","line":22,"loc":{"start":{"line":22,"column":4},"end":{"line":24,"column":45}},"locations":[{"start":{"line":22,"column":4},"end":{"line":24,"column":45}}]},"10":{"type":"branch","line":24,"loc":{"start":{"line":24,"column":45},"end":{"line":26,"column":5}},"locations":[{"start":{"line":24,"column":45},"end":{"line":26,"column":5}}]},"11":{"type":"branch","line":26,"loc":{"start":{"line":26,"column":4},"end":{"line":29,"column":1}},"locations":[{"start":{"line":26,"column":4},"end":{"line":29,"column":1}}]}},"b":{"0":[13],"1":[11],"2":[10],"3":[7],"4":[7],"5":[6],"6":[26],"7":[21],"8":[5],"9":[6],"10":[1],"11":[5]},"fnMap":{"0":{"name":"countOccurrencesOfChar","decl":{"start":{"line":3,"column":31},"end":{"line":29,"column":1}},"loc":{"start":{"line":3,"column":31},"end":{"line":29,"column":1}},"line":3}},"f":{"0":13}}
,"C:\\Personal\\exercises\\removeDuplicates.js": {"path":"C:\\Personal\\exercises\\removeDuplicates.js","all":false,"statementMap":{"0":{"start":{"line":1,"column":0},"end":{"line":1,"column":54}},"1":{"start":{"line":2,"column":0},"end":{"line":2,"column":0}},"2":{"start":{"line":3,"column":0},"end":{"line":3,"column":44}},"3":{"start":{"line":4,"column":0},"end":{"line":4,"column":26}},"4":{"start":{"line":5,"column":0},"end":{"line":5,"column":63}},"5":{"start":{"line":6,"column":0},"end":{"line":6,"column":5}},"6":{"start":{"line":7,"column":0},"end":{"line":7,"column":0}},"7":{"start":{"line":8,"column":0},"end":{"line":8,"column":39}},"8":{"start":{"line":9,"column":0},"end":{"line":9,"column":47}},"9":{"start":{"line":10,"column":0},"end":{"line":10,"column":5}},"10":{"start":{"line":11,"column":0},"end":{"line":11,"column":0}},"11":{"start":{"line":12,"column":0},"end":{"line":12,"column":27}},"12":{"start":{"line":13,"column":0},"end":{"line":13,"column":53}},"13":{"start":{"line":14,"column":0},"end":{"line":14,"column":5}},"14":{"start":{"line":15,"column":0},"end":{"line":15,"column":0}},"15":{"start":{"line":16,"column":0},"end":{"line":16,"column":43}},"16":{"start":{"line":17,"column":0},"end":{"line":17,"column":39}},"17":{"start":{"line":18,"column":0},"end":{"line":18,"column":38}},"18":{"start":{"line":19,"column":0},"end":{"line":19,"column":16}},"19":{"start":{"line":20,"column":0},"end":{"line":20,"column":22}},"20":{"start":{"line":21,"column":0},"end":{"line":21,"column":9}},"21":{"start":{"line":22,"column":0},"end":{"line":22,"column":10}},"22":{"start":{"line":23,"column":0},"end":{"line":23,"column":0}},"23":{"start":{"line":24,"column":0},"end":{"line":24,"column":29}},"24":{"start":{"line":25,"column":0},"end":{"line":25,"column":0}},"25":{"start":{"line":26,"column":0},"end":{"line":26,"column":45}},"26":{"start":{"line":27,"column":0},"end":{"line":27,"column":47}},"27":{"start":{"line":28,"column":0},"end":{"line":28,"column":39}},"28":{"start":{"line":29,"column":0},"end":{"line":29,"column":12}},"29":{"start":{"line":30,"column":0},"end":{"line":30,"column":8}},"30":{"start":{"line":31,"column":0},"end":{"line":31,"column":0}},"31":{"start":{"line":32,"column":0},"end":{"line":32,"column":25}},"32":{"start":{"line":33,"column":0},"end":{"line":33,"column":1}},"33":{"start":{"line":34,"column":0},"end":{"line":34,"column":0}},"34":{"start":{"line":35,"column":0},"end":{"line":35,"column":37}}},"s":{"0":1,"1":1,"2":1,"3":13,"4":2,"5":2,"6":11,"7":13,"8":4,"9":4,"10":7,"11":13,"12":1,"13":1,"14":6,"15":6,"16":23,"17":16,"18":23,"19":7,"20":7,"21":6,"22":6,"23":6,"24":6,"25":6,"26":6,"27":6,"28":6,"29":6,"30":6,"31":6,"32":6,"33":1,"34":1},"branchMap":{"0":{"type":"branch","line":3,"loc":{"start":{"line":3,"column":25},"end":{"line":33,"column":1}},"locations":[{"start":{"line":3,"column":25},"end":{"line":33,"column":1}}]},"1":{"type":"branch","line":4,"loc":{"start":{"line":4,"column":25},"end":{"line":6,"column":5}},"locations":[{"start":{"line":4,"column":25},"end":{"line":6,"column":5}}]},"2":{"type":"branch","line":6,"loc":{"start":{"line":6,"column":4},"end":{"line":8,"column":38}},"locations":[{"start":{"line":6,"column":4},"end":{"line":8,"column":38}}]},"3":{"type":"branch","line":8,"loc":{"start":{"line":8,"column":38},"end":{"line":10,"column":5}},"locations":[{"start":{"line":8,"column":38},"end":{"line":10,"column":5}}]},"4":{"type":"branch","line":10,"loc":{"start":{"line":10,"column":4},"end":{"line":12,"column":26}},"locations":[{"start":{"line":10,"column":4},"end":{"line":12,"column":26}}]},"5":{"type":"branch","line":12,"loc":{"start":{"line":12,"column":26},"end":{"line":14,"column":5}},"locations":[{"start":{"line":12,"column":26},"end":{"line":14,"column":5}}]},"6":{"type":"branch","line":14,"loc":{"start":{"line":14,"column":4},"end":{"line":33,"column":1}},"locations":[{"start":{"line":14,"column":4},"end":{"line":33,"column":1}}]},"7":{"type":"branch","line":16,"loc":{"start":{"line":16,"column":22},"end":{"line":22,"column":5}},"locations":[{"start":{"line":16,"column":22},"end":{"line":22,"column":5}}]},"8":{"type":"branch","line":17,"loc":{"start":{"line":17,"column":38},"end":{"line":19,"column":9}},"locations":[{"start":{"line":17,"column":38},"end":{"line":19,"column":9}}]},"9":{"type":"branch","line":19,"loc":{"start":{"line":19,"column":9},"end":{"line":21,"column":9}},"locations":[{"start":{"line":19,"column":9},"end":{"line":21,"column":9}}]}},"b":{"0":[13],"1":[2],"2":[11],"3":[4],"4":[7],"5":[1],"6":[6],"7":[23],"8":[16],"9":[7]},"fnMap":{"0":{"name":"removeDuplicates","decl":{"start":{"line":3,"column":25},"end":{"line":33,"column":1}},"loc":{"start":{"line":3,"column":25},"end":{"line":33,"column":1}},"line":3}},"f":{"0":13}}
,"C:\\Personal\\exercises\\renderHearts.js": {"path":"C:\\Personal\\exercises\\renderHearts.js","all":false,"statementMap":{"0":{"start":{"line":1,"column":0},"end":{"line":1,"column":41}},"1":{"start":{"line":2,"column":0},"end":{"line":2,"column":40}},"2":{"start":{"line":3,"column":0},"end":{"line":3,"column":47}},"3":{"start":{"line":4,"column":0},"end":{"line":4,"column":5}},"4":{"start":{"line":5,"column":0},"end":{"line":5,"column":0}},"5":{"start":{"line":6,"column":0},"end":{"line":6,"column":26}},"6":{"start":{"line":7,"column":0},"end":{"line":7,"column":49}},"7":{"start":{"line":8,"column":0},"end":{"line":8,"column":5}},"8":{"start":{"line":9,"column":0},"end":{"line":9,"column":0}},"9":{"start":{"line":10,"column":0},"end":{"line":10,"column":24}},"10":{"start":{"line":11,"column":0},"end":{"line":11,"column":54}},"11":{"start":{"line":12,"column":0},"end":{"line":12,"column":5}},"12":{"start":{"line":13,"column":0},"end":{"line":13,"column":0}},"13":{"start":{"line":14,"column":0},"end":{"line":14,"column":55}},"14":{"start":{"line":15,"column":0},"end":{"line":15,"column":1}},"15":{"start":{"line":16,"column":0},"end":{"line":16,"column":0}},"16":{"start":{"line":17,"column":0},"end":{"line":17,"column":33}}},"s":{"0":1,"1":12,"2":4,"3":4,"4":8,"5":12,"6":3,"7":3,"8":5,"9":12,"10":3,"11":3,"12":2,"13":2,"14":2,"15":1,"16":1},"branchMap":{"0":{"type":"branch","line":1,"loc":{"start":{"line":1,"column":21},"end":{"line":15,"column":1}},"locations":[{"start":{"line":1,"column":21},"end":{"line":15,"column":1}}]},"1":{"type":"branch","line":2,"loc":{"start":{"line":2,"column":39},"end":{"line":4,"column":5}},"locations":[{"start":{"line":2,"column":39},"end":{"line":4,"column":5}}]},"2":{"type":"branch","line":4,"loc":{"start":{"line":4,"column":4},"end":{"line":6,"column":25}},"locations":[{"start":{"line":4,"column":4},"end":{"line":6,"column":25}}]},"3":{"type":"branch","line":6,"loc":{"start":{"line":6,"column":25},"end":{"line":8,"column":5}},"locations":[{"start":{"line":6,"column":25},"end":{"line":8,"column":5}}]},"4":{"type":"branch","line":8,"loc":{"start":{"line":8,"column":4},"end":{"line":10,"column":23}},"locations":[{"start":{"line":8,"column":4},"end":{"line":10,"column":23}}]},"5":{"type":"branch","line":10,"loc":{"start":{"line":10,"column":23},"end":{"line":12,"column":5}},"locations":[{"start":{"line":10,"column":23},"end":{"line":12,"column":5}}]},"6":{"type":"branch","line":12,"loc":{"start":{"line":12,"column":4},"end":{"line":15,"column":1}},"locations":[{"start":{"line":12,"column":4},"end":{"line":15,"column":1}}]},"7":{"type":"branch","line":14,"loc":{"start":{"line":14,"column":45},"end":{"line":14,"column":54}},"locations":[{"start":{"line":14,"column":45},"end":{"line":14,"column":54}}]}},"b":{"0":[12],"1":[4],"2":[8],"3":[3],"4":[5],"5":[3],"6":[2],"7":[4]},"fnMap":{"0":{"name":"renderHearts","decl":{"start":{"line":1,"column":21},"end":{"line":15,"column":1}},"loc":{"start":{"line":1,"column":21},"end":{"line":15,"column":1}},"line":1}},"f":{"0":12}}
,"C:\\Personal\\exercises\\reverseAString.js": {"path":"C:\\Personal\\exercises\\reverseAString.js","all":false,"statementMap":{"0":{"start":{"line":1,"column":0},"end":{"line":1,"column":55}},"1":{"start":{"line":2,"column":0},"end":{"line":2,"column":0}},"2":{"start":{"line":3,"column":0},"end":{"line":3,"column":33}},"3":{"start":{"line":4,"column":0},"end":{"line":4,"column":10}},"4":{"start":{"line":5,"column":0},"end":{"line":5,"column":18}},"5":{"start":{"line":6,"column":0},"end":{"line":6,"column":60}},"6":{"start":{"line":7,"column":0},"end":{"line":7,"column":17}},"7":{"start":{"line":8,"column":0},"end":{"line":8,"column":0}},"8":{"start":{"line":9,"column":0},"end":{"line":9,"column":34}}},"s":{"0":1,"1":1,"2":1,"3":9,"4":9,"5":9,"6":9,"7":1,"8":1},"branchMap":{"0":{"type":"branch","line":3,"loc":{"start":{"line":3,"column":23},"end":{"line":7,"column":17}},"locations":[{"start":{"line":3,"column":23},"end":{"line":7,"column":17}}]},"1":{"type":"branch","line":6,"loc":{"start":{"line":6,"column":16},"end":{"line":6,"column":55}},"locations":[{"start":{"line":6,"column":16},"end":{"line":6,"column":55}}]}},"b":{"0":[9],"1":[12]},"fnMap":{"0":{"name":"reverseString","decl":{"start":{"line":3,"column":23},"end":{"line":7,"column":17}},"loc":{"start":{"line":3,"column":23},"end":{"line":7,"column":17}},"line":3}},"f":{"0":9}}
,"C:\\Personal\\exercises\\reverseStringWithRecursion.js": {"path":"C:\\Personal\\exercises\\reverseStringWithRecursion.js","all":false,"statementMap":{"0":{"start":{"line":1,"column":0},"end":{"line":1,"column":48}},"1":{"start":{"line":2,"column":0},"end":{"line":2,"column":30}},"2":{"start":{"line":3,"column":0},"end":{"line":3,"column":21}},"3":{"start":{"line":4,"column":0},"end":{"line":4,"column":5}},"4":{"start":{"line":5,"column":0},"end":{"line":5,"column":0}},"5":{"start":{"line":6,"column":0},"end":{"line":6,"column":41}},"6":{"start":{"line":7,"column":0},"end":{"line":7,"column":0}},"7":{"start":{"line":8,"column":0},"end":{"line":8,"column":67}},"8":{"start":{"line":9,"column":0},"end":{"line":9,"column":1}},"9":{"start":{"line":10,"column":0},"end":{"line":10,"column":0}},"10":{"start":{"line":11,"column":0},"end":{"line":11,"column":47}}},"s":{"0":1,"1":5722,"2":3,"3":3,"4":5717,"5":5717,"6":5717,"7":5717,"8":5717,"9":1,"10":1},"branchMap":{"0":{"type":"branch","line":1,"loc":{"start":{"line":1,"column":36},"end":{"line":9,"column":1}},"locations":[{"start":{"line":1,"column":36},"end":{"line":9,"column":1}}]},"1":{"type":"branch","line":2,"loc":{"start":{"line":2,"column":29},"end":{"line":4,"column":5}},"locations":[{"start":{"line":2,"column":29},"end":{"line":4,"column":5}}]},"2":{"type":"branch","line":4,"loc":{"start":{"line":4,"column":4},"end":{"line":9,"column":1}},"locations":[{"start":{"line":4,"column":4},"end":{"line":9,"column":1}}]}},"b":{"0":[5722],"1":[3],"2":[5717]},"fnMap":{"0":{"name":"reverseStringWithRecursion","decl":{"start":{"line":1,"column":36},"end":{"line":9,"column":1}},"loc":{"start":{"line":1,"column":36},"end":{"line":9,"column":1}},"line":1}},"f":{"0":5722}}
,"C:\\Personal\\exercises\\substringInAString.js": {"path":"C:\\Personal\\exercises\\substringInAString.js","all":false,"statementMap":{"0":{"start":{"line":1,"column":0},"end":{"line":1,"column":50}},"1":{"start":{"line":2,"column":0},"end":{"line":2,"column":0}},"2":{"start":{"line":3,"column":0},"end":{"line":3,"column":51}},"3":{"start":{"line":4,"column":0},"end":{"line":4,"column":36}},"4":{"start":{"line":5,"column":0},"end":{"line":5,"column":1}},"5":{"start":{"line":6,"column":0},"end":{"line":6,"column":0}},"6":{"start":{"line":7,"column":0},"end":{"line":7,"column":46}},"7":{"start":{"line":8,"column":0},"end":{"line":8,"column":0}},"8":{"start":{"line":9,"column":0},"end":{"line":9,"column":39}}},"s":{"0":1,"1":1,"2":1,"3":9,"4":9,"5":1,"6":1,"7":1,"8":1},"branchMap":{"0":{"type":"branch","line":3,"loc":{"start":{"line":3,"column":27},"end":{"line":5,"column":1}},"locations":[{"start":{"line":3,"column":27},"end":{"line":5,"column":1}}]}},"b":{"0":[9]},"fnMap":{"0":{"name":"substringInAString","decl":{"start":{"line":3,"column":27},"end":{"line":5,"column":1}},"loc":{"start":{"line":3,"column":27},"end":{"line":5,"column":1}},"line":3}},"f":{"0":9}}
,"C:\\Personal\\exercises\\toPascalCase.js": {"path":"C:\\Personal\\exercises\\toPascalCase.js","all":false,"statementMap":{"0":{"start":{"line":1,"column":0},"end":{"line":1,"column":40}},"1":{"start":{"line":2,"column":0},"end":{"line":2,"column":39}},"2":{"start":{"line":3,"column":0},"end":{"line":3,"column":40}},"3":{"start":{"line":4,"column":0},"end":{"line":4,"column":5}},"4":{"start":{"line":5,"column":0},"end":{"line":5,"column":0}},"5":{"start":{"line":6,"column":0},"end":{"line":6,"column":19}},"6":{"start":{"line":7,"column":0},"end":{"line":7,"column":19}},"7":{"start":{"line":8,"column":0},"end":{"line":8,"column":105}},"8":{"start":{"line":9,"column":0},"end":{"line":9,"column":18}},"9":{"start":{"line":10,"column":0},"end":{"line":10,"column":1}},"10":{"start":{"line":11,"column":0},"end":{"line":11,"column":0}},"11":{"start":{"line":12,"column":0},"end":{"line":12,"column":33}}},"s":{"0":1,"1":12,"2":6,"3":6,"4":6,"5":6,"6":6,"7":6,"8":6,"9":6,"10":1,"11":1},"branchMap":{"0":{"type":"branch","line":1,"loc":{"start":{"line":1,"column":21},"end":{"line":10,"column":1}},"locations":[{"start":{"line":1,"column":21},"end":{"line":10,"column":1}}]},"1":{"type":"branch","line":2,"loc":{"start":{"line":2,"column":38},"end":{"line":10,"column":1}},"locations":[{"start":{"line":2,"column":38},"end":{"line":10,"column":1}}]},"2":{"type":"branch","line":8,"loc":{"start":{"line":8,"column":13},"end":{"line":8,"column":104}},"locations":[{"start":{"line":8,"column":13},"end":{"line":8,"column":104}}]}},"b":{"0":[12],"1":[6],"2":[9]},"fnMap":{"0":{"name":"toPascalCase","decl":{"start":{"line":1,"column":21},"end":{"line":10,"column":1}},"loc":{"start":{"line":1,"column":21},"end":{"line":10,"column":1}},"line":1}},"f":{"0":12}}
}
