TN:
SF:fibonacciUpToN.js
FN:1,printFibo
FNF:1
FNH:1
FNDA:168,printFibo
DA:1,1
DA:2,168
DA:3,2
DA:4,2
DA:5,166
DA:6,168
DA:7,34
DA:8,34
DA:9,132
DA:10,168
DA:11,53
DA:12,53
DA:13,79
DA:14,79
DA:15,79
DA:16,79
DA:17,79
DA:18,79
DA:19,79
DA:20,79
DA:21,1
DA:22,1
DA:23,1
DA:24,1
DA:25,1
DA:26,1
DA:27,1
DA:28,1
DA:29,1
DA:30,1
DA:31,1
DA:32,1
DA:33,1
DA:34,1
DA:35,1
DA:36,1
DA:37,1
DA:38,1
DA:39,1
DA:40,1
DA:41,1
DA:42,1
DA:43,1
DA:44,1
DA:45,1
DA:46,1
LF:46
LH:46
BRDA:1,0,0,168
BRDA:2,1,0,2
BRDA:4,2,0,166
BRDA:6,3,0,34
BRDA:8,4,0,132
BRDA:10,5,0,53
BRDA:12,6,0,79
BRF:7
BRH:7
end_of_record
TN:
SF:substringInAString.js
FN:3,substringInAString
FNF:1
FNH:1
FNDA:9,substringInAString
DA:1,1
DA:2,1
DA:3,1
DA:4,9
DA:5,9
DA:6,1
DA:7,1
DA:8,1
DA:9,1
DA:10,1
DA:11,1
DA:12,1
DA:13,1
DA:14,1
DA:15,1
DA:16,1
DA:17,1
DA:18,1
DA:19,1
DA:20,1
DA:21,1
LF:21
LH:21
BRDA:3,0,0,9
BRF:1
BRH:1
end_of_record
