TN:
SF:fibonacciUpToN.js
FN:1,printFibo
FNF:1
FNH:1
FNDA:158,printFibo
DA:1,1
DA:2,158
DA:3,1
DA:4,1
DA:5,157
DA:6,158
DA:7,32
DA:8,32
DA:9,125
DA:10,158
DA:11,50
DA:12,50
DA:13,75
DA:14,75
DA:15,75
DA:16,75
DA:17,75
DA:18,75
DA:19,75
DA:20,75
DA:21,1
DA:22,1
DA:23,1
DA:24,1
DA:25,1
DA:26,1
DA:27,1
DA:28,1
DA:29,1
DA:30,1
DA:31,1
DA:32,1
DA:33,1
DA:34,1
DA:35,1
DA:36,1
DA:37,1
DA:38,1
DA:39,1
DA:40,1
DA:41,1
DA:42,1
DA:43,1
DA:44,1
DA:45,1
DA:46,1
LF:46
LH:46
BRDA:1,0,0,158
BRDA:2,1,0,1
BRDA:4,2,0,157
BRDA:6,3,0,32
BRDA:8,4,0,125
BRDA:10,5,0,50
BRDA:12,6,0,75
BRF:7
BRH:7
end_of_record
